---------------------------------------------
| Operating System  | ubuntu 24.04
| Docker            | latest
| Coolify           | 4.1.2
| Helper            | 1.0.14
| Realtime          | 1.0.16
| Docker Pool       | 10.0.0.0/8 (size 24)
| Registry URL      | ghcr.io
---------------------------------------------


============================================================
[2026-07-02 23:18:50] Step 1/9: Installing required packages
============================================================
1/9 Installing required packages (curl, wget, git, jq, openssl)...
[2026-07-02 23:18:50] All required packages already installed, skipping installation
 - All required packages already installed.
     Done.

============================================================
[2026-07-02 23:18:50] Step 2/9: Checking OpenSSH server configuration
============================================================
2/9 Checking OpenSSH server configuration...
 - OpenSSH server is installed.
 - SSH PermitRootLogin is enabled.

============================================================
[2026-07-02 23:18:51] Step 3/9: Checking Docker installation
============================================================
3/9 Checking Docker installation...
 - Docker is installed.
 - Docker version 27.5.0 meets minimum requirement (24+).

============================================================
[2026-07-02 23:18:51] Step 4/9: Checking Docker configuration
============================================================
4/9 Checking Docker configuration...
 - Network pool configuration: 10.0.0.0/8/24
 - To override existing configuration: DOCKER_POOL_FORCE_OVERRIDE=true
 - Creating new Docker configuration with network pool: 10.0.0.0/8/24
 - Configuration updated - restarting Docker daemon...
 - Docker daemon restarted successfully

============================================================
[2026-07-02 23:19:21] Step 5/9: Downloading required files from CDN
============================================================
5/9 Downloading required files from CDN...
[2026-07-02 23:19:21] Downloading configuration files in parallel...
[2026-07-02 23:19:22] All configuration files downloaded successfully
     Done.

============================================================
[2026-07-02 23:19:22] Step 6/9: Setting up environment variable file
============================================================
6/9 Setting up environment variable file...
 - No .env file found, copying .env.production to .env
[2026-07-02 23:19:22] Environment file setup completed
     Done.

============================================================
[2026-07-02 23:19:22] Step 7/9: Checking and updating environment variables
============================================================
7/9 Checking and updating environment variables...
 - Updated value of APP_ID as the current value was empty
 - Updated value of APP_KEY as the current value was empty
 - Updated value of DB_PASSWORD as the current value was empty
 - Updated value of REDIS_PASSWORD as the current value was empty
 - Updated value of PUSHER_APP_ID as the current value was empty
 - Updated value of PUSHER_APP_KEY as the current value was empty
 - Updated value of PUSHER_APP_SECRET as the current value was empty
 - Added DOCKER_ADDRESS_POOL_BASE and it's value as the variable was missing
 - Added DOCKER_ADDRESS_POOL_SIZE and it's value as the variable was missing
[2026-07-02 23:19:22] Environment variables check completed
     Done.

============================================================
[2026-07-02 23:19:22] Step 8/9: Checking SSH key for localhost access
============================================================
8/9 Checking SSH key for localhost access...
 - Generating SSH key.
[2026-07-02 23:19:22] SSH key check completed
     Done.

============================================================
[2026-07-02 23:19:22] Step 9/9: Installing Coolify
============================================================
9/9 Installing Coolify (4.1.2)...
 - It could take a while based on your server's performance, network speed, stars, etc.
 - Please wait.
 - Until then, here's a joke for you:

Knock knock.
Who's there?
Recursion.
Recursion who?
Knock knock.


==========================================
   Coolify Upgrade - 2026-07-02-23-19-23
==========================================

1/6 Downloading latest configuration files...
     Done.

2/6 Updating environment configuration...
     Done.
b1365f1c287de9df28d51e64cdf34256c92c8038ed6377338e5ce0ae9267a3e9

3/6 Pulling Docker images...
     This may take a few minutes depending on your connection.
     - Pulling ghcr.io/coollabsio/coolify-helper:1.0.14...
     - Pulling ghcr.io/coollabsio/coolify:4.1.2...
     - Pulling ghcr.io/coollabsio/coolify-realtime:1.0.16...
     - Pulling postgres:15-alpine...
     - Pulling redis:7-alpine...
     All images pulled successfully.

4/6 Stopping containers and starting new ones...
     This step will restart all Coolify containers.
     Check the log file for details: /data/coolify/source/upgrade-2026-07-02-23-19-23.log

5/6 Containers are being restarted in the background...
6/6 Upgrade process initiated!

==========================================
   Coolify upgrade to 4.1.2 in progress
==========================================

   The upgrade will continue in the background.
   Coolify will be available again shortly.
   Log file: /data/coolify/source/upgrade-2026-07-02-23-19-23.log
 - Coolify installed successfully.
 - Waiting for Coolify to be ready...
 - Upgrade in progress: Starting new containers (0s)
[2026-07-02 23:32:22] Upgrade completed: Upgrade complete
 - Upgrade complete!
 - Verifying Coolify is healthy...
[2026-07-02 23:32:22] Coolify container is healthy
 - Coolify is ready!
[0;35m
   ____                            _         _       _   _                 _
  / ___|___  _ __   __ _ _ __ __ _| |_ _   _| | __ _| |_(_) ___  _ __  ___| |
 | |   / _ \| '_ \ / _` | '__/ _` | __| | | | |/ _` | __| |/ _ \| '_ \/ __| |
 | |__| (_) | | | | (_| | | | (_| | |_| |_| | | (_| | |_| | (_) | | | \__ \_|
  \____\___/|_| |_|\__, |_|  \__,_|\__|\__,_|_|\__,_|\__|_|\___/|_| |_|___(_)
                   |___/
[0m

Your instance is ready to use!

You can access Coolify through your Public IPV4: http://143.105.102.121:8000

If your Public IP is not accessible, you can use the following Private IPs:

http://100.92.202.127:8000
http://172.18.0.1:8000
http://172.19.0.1:8000
http://172.20.0.1:8000
http://172.21.0.1:8000
http://172.22.0.1:8000
http://10.0.0.1:8000
http://10.0.1.1:8000
http://fd7a:115c:a1e0::9632:ca80:8000
http://fdbe:93df:f249::1:8000

WARNING: It is highly recommended to backup your Environment variables file (/data/coolify/source/.env) to a safe location, outside of this server (e.g. into a Password Manager).


============================================================
[2026-07-02 23:32:23] Installation Complete
============================================================
[2026-07-02 23:32:23] Coolify installation completed successfully
[2026-07-02 23:32:23] Version: 4.1.2
[2026-07-02 23:32:23] Log file: /data/coolify/source/installation-20260702-231849.log
