============================================================
Coolify Upgrade Log
Started: 2026-07-02 23:19:23
Target Version: 4.1.2
Helper Version: 1.0.14
Registry URL: ghcr.io
============================================================

============================================================
[2026-07-02 23:19:23] Step 1/6: Downloading configuration files
============================================================
[2026-07-02 23:19:23] Downloading docker-compose.yml from https://cdn.coollabs.io/coolify/docker-compose.yml
[2026-07-02 23:19:24] Downloading docker-compose.prod.yml from https://cdn.coollabs.io/coolify/docker-compose.prod.yml
[2026-07-02 23:19:24] Downloading .env.production from https://cdn.coollabs.io/coolify/.env.production
[2026-07-02 23:19:25] Downloading upgrade-postgres.sh from https://cdn.coollabs.io/coolify/upgrade-postgres.sh
[2026-07-02 23:19:25] Configuration files downloaded successfully
[2026-07-02 23:19:25] Extracting all images from docker-compose configuration...
[2026-07-02 23:19:26] Images to pull:
[2026-07-02 23:19:26]   - ghcr.io/coollabsio/coolify:4.1.2
[2026-07-02 23:19:26]   - ghcr.io/coollabsio/coolify-realtime:1.0.16
[2026-07-02 23:19:26]   - postgres:15-alpine
[2026-07-02 23:19:26]   - redis:7-alpine

============================================================
[2026-07-02 23:19:26] Step 2/6: Updating environment configuration
============================================================
[2026-07-02 23:19:26] Merging .env.production values into .env
[2026-07-02 23:19:26] Environment file merged successfully
[2026-07-02 23:19:26] Checking environment variables...
[2026-07-02 23:19:26] Environment variables check complete
[2026-07-02 23:19:26] Checking Docker network 'coolify'...
[2026-07-02 23:19:26] Network 'coolify' does not exist, creating...
[2026-07-02 23:19:28] Network 'coolify' created with IPv6 support

============================================================
[2026-07-02 23:19:28] Step 3/6: Pulling Docker images
============================================================
[2026-07-02 23:19:28] Pulling image: ghcr.io/coollabsio/coolify-helper:1.0.14
1.0.14: Pulling from coollabsio/coolify-helper
897d797d2723: Already exists
40a51c862130: Pulling fs layer
ac7a419814da: Pulling fs layer
2b13822e2205: Pulling fs layer
ce20655395cc: Pulling fs layer
a2ab865ad409: Pulling fs layer
4f4fb700ef54: Pulling fs layer
286bebeba8f4: Pulling fs layer
ce20655395cc: Waiting
a2ab865ad409: Waiting
4f4fb700ef54: Waiting
286bebeba8f4: Waiting
40a51c862130: Verifying Checksum
40a51c862130: Download complete
2b13822e2205: Verifying Checksum
2b13822e2205: Download complete
40a51c862130: Pull complete
ac7a419814da: Verifying Checksum
ac7a419814da: Download complete
ac7a419814da: Pull complete
2b13822e2205: Pull complete
4f4fb700ef54: Verifying Checksum
4f4fb700ef54: Download complete
286bebeba8f4: Verifying Checksum
286bebeba8f4: Download complete
ce20655395cc: Verifying Checksum
ce20655395cc: Download complete
ce20655395cc: Pull complete
a2ab865ad409: Verifying Checksum
a2ab865ad409: Download complete
a2ab865ad409: Pull complete
4f4fb700ef54: Pull complete
286bebeba8f4: Pull complete
Digest: sha256:55acc11740d42a5646e74108276ab252cc040abce0679fc6b36c81b464849d52
Status: Downloaded newer image for ghcr.io/coollabsio/coolify-helper:1.0.14
ghcr.io/coollabsio/coolify-helper:1.0.14
[2026-07-02 23:22:50] Successfully pulled ghcr.io/coollabsio/coolify-helper:1.0.14
[2026-07-02 23:22:50] Pulling image: ghcr.io/coollabsio/coolify:4.1.2
4.1.2: Pulling from coollabsio/coolify
6a0ac1617861: Already exists
9870004fbd5c: Pulling fs layer
7362ec24211e: Pulling fs layer
72625f38c6e3: Pulling fs layer
fcdbea334dac: Pulling fs layer
2680ea20bcf4: Pulling fs layer
40c08df87b8b: Pulling fs layer
028c251b6064: Pulling fs layer
6af0bf4b0278: Pulling fs layer
3cd64a702d67: Pulling fs layer
4f4fb700ef54: Pulling fs layer
4c26f212e358: Pulling fs layer
5bd379fae79b: Pulling fs layer
73457b83b8f5: Pulling fs layer
af6908eda717: Pulling fs layer
de195faa7d9e: Pulling fs layer
38ed83c65703: Pulling fs layer
e4908be12be3: Pulling fs layer
9282ada7a369: Pulling fs layer
e67caeaa6c87: Pulling fs layer
653be144fa4f: Pulling fs layer
bab2371ae578: Pulling fs layer
56cf2791189d: Pulling fs layer
24375c2864a3: Pulling fs layer
9605c41f47ff: Pulling fs layer
6b3f3a2eb23f: Pulling fs layer
38709d180d07: Pulling fs layer
f1113efb4729: Pulling fs layer
371208b4e8b2: Pulling fs layer
57bae10774c0: Pulling fs layer
04a55e6b1202: Pulling fs layer
1faeee837d9c: Pulling fs layer
94074734ca37: Pulling fs layer
4bd0b7e6931f: Pulling fs layer
342822511bf6: Pulling fs layer
83cb35262db8: Pulling fs layer
851269d64d48: Pulling fs layer
d96cbfb8b58e: Pulling fs layer
e3de6bcee1ec: Pulling fs layer
29c0cb971c4d: Pulling fs layer
82f951c0e3c6: Pulling fs layer
ce5b2405551e: Pulling fs layer
6faf7edda5cc: Pulling fs layer
495954a9e28b: Pulling fs layer
ebc2f29d19c4: Pulling fs layer
c789428dd4ff: Pulling fs layer
c462bf29bd8f: Pulling fs layer
2680ea20bcf4: Waiting
d94fdd50347d: Pulling fs layer
ce8b821daf9d: Pulling fs layer
40c08df87b8b: Waiting
edfae8ce0383: Pulling fs layer
028c251b6064: Waiting
feb6d07554d7: Pulling fs layer
6af0bf4b0278: Waiting
9e6d905442b4: Pulling fs layer
02cb441c95e5: Pulling fs layer
daaaf8a0dc59: Pulling fs layer
ba614c55f14d: Pulling fs layer
5e4fc4601291: Pulling fs layer
059e88ed4448: Pulling fs layer
3cd64a702d67: Waiting
4f4fb700ef54: Waiting
4c26f212e358: Waiting
5bd379fae79b: Waiting
73457b83b8f5: Waiting
af6908eda717: Waiting
de195faa7d9e: Waiting
38ed83c65703: Waiting
fcdbea334dac: Waiting
e4908be12be3: Waiting
d96cbfb8b58e: Waiting
9282ada7a369: Waiting
e67caeaa6c87: Waiting
e3de6bcee1ec: Waiting
29c0cb971c4d: Waiting
82f951c0e3c6: Waiting
653be144fa4f: Waiting
ce5b2405551e: Waiting
6faf7edda5cc: Waiting
bab2371ae578: Waiting
495954a9e28b: Waiting
56cf2791189d: Waiting
ebc2f29d19c4: Waiting
24375c2864a3: Waiting
c789428dd4ff: Waiting
9605c41f47ff: Waiting
6b3f3a2eb23f: Waiting
c462bf29bd8f: Waiting
04a55e6b1202: Waiting
38709d180d07: Waiting
d94fdd50347d: Waiting
1faeee837d9c: Waiting
f1113efb4729: Waiting
ce8b821daf9d: Waiting
94074734ca37: Waiting
edfae8ce0383: Waiting
4bd0b7e6931f: Waiting
371208b4e8b2: Waiting
57bae10774c0: Waiting
feb6d07554d7: Waiting
342822511bf6: Waiting
9e6d905442b4: Waiting
83cb35262db8: Waiting
851269d64d48: Waiting
02cb441c95e5: Waiting
5e4fc4601291: Waiting
daaaf8a0dc59: Waiting
059e88ed4448: Waiting
72625f38c6e3: Download complete
7362ec24211e: Verifying Checksum
7362ec24211e: Download complete
2680ea20bcf4: Download complete
9870004fbd5c: Download complete
9870004fbd5c: Pull complete
7362ec24211e: Pull complete
72625f38c6e3: Pull complete
028c251b6064: Verifying Checksum
028c251b6064: Download complete
6af0bf4b0278: Download complete
3cd64a702d67: Verifying Checksum
3cd64a702d67: Download complete
4f4fb700ef54: Verifying Checksum
4f4fb700ef54: Download complete
4c26f212e358: Verifying Checksum
4c26f212e358: Download complete
5bd379fae79b: Verifying Checksum
5bd379fae79b: Download complete
73457b83b8f5: Verifying Checksum
73457b83b8f5: Download complete
af6908eda717: Download complete
de195faa7d9e: Verifying Checksum
de195faa7d9e: Download complete
38ed83c65703: Verifying Checksum
38ed83c65703: Download complete
e4908be12be3: Download complete
9282ada7a369: Verifying Checksum
9282ada7a369: Download complete
e67caeaa6c87: Download complete
653be144fa4f: Verifying Checksum
653be144fa4f: Download complete
fcdbea334dac: Verifying Checksum
fcdbea334dac: Download complete
fcdbea334dac: Pull complete
2680ea20bcf4: Pull complete
bab2371ae578: Verifying Checksum
bab2371ae578: Download complete
24375c2864a3: Download complete
9605c41f47ff: Download complete
40c08df87b8b: Download complete
6b3f3a2eb23f: Verifying Checksum
6b3f3a2eb23f: Download complete
40c08df87b8b: Pull complete
028c251b6064: Pull complete
6af0bf4b0278: Pull complete
3cd64a702d67: Pull complete
4f4fb700ef54: Pull complete
4c26f212e358: Pull complete
5bd379fae79b: Pull complete
73457b83b8f5: Pull complete
af6908eda717: Pull complete
de195faa7d9e: Pull complete
38ed83c65703: Pull complete
e4908be12be3: Pull complete
9282ada7a369: Pull complete
e67caeaa6c87: Pull complete
653be144fa4f: Pull complete
bab2371ae578: Pull complete
38709d180d07: Verifying Checksum
38709d180d07: Download complete
56cf2791189d: Verifying Checksum
56cf2791189d: Download complete
371208b4e8b2: Verifying Checksum
371208b4e8b2: Download complete
56cf2791189d: Pull complete
24375c2864a3: Pull complete
9605c41f47ff: Pull complete
6b3f3a2eb23f: Pull complete
38709d180d07: Pull complete
f1113efb4729: Verifying Checksum
f1113efb4729: Download complete
f1113efb4729: Pull complete
371208b4e8b2: Pull complete
1faeee837d9c: Verifying Checksum
1faeee837d9c: Download complete
57bae10774c0: Verifying Checksum
57bae10774c0: Download complete
57bae10774c0: Pull complete
4bd0b7e6931f: Download complete
342822511bf6: Verifying Checksum
342822511bf6: Download complete
94074734ca37: Verifying Checksum
94074734ca37: Download complete
851269d64d48: Verifying Checksum
851269d64d48: Download complete
04a55e6b1202: Verifying Checksum
04a55e6b1202: Download complete
d96cbfb8b58e: Download complete
04a55e6b1202: Pull complete
1faeee837d9c: Pull complete
94074734ca37: Pull complete
4bd0b7e6931f: Pull complete
342822511bf6: Pull complete
29c0cb971c4d: Verifying Checksum
29c0cb971c4d: Download complete
e3de6bcee1ec: Verifying Checksum
e3de6bcee1ec: Download complete
82f951c0e3c6: Verifying Checksum
82f951c0e3c6: Download complete
6faf7edda5cc: Verifying Checksum
6faf7edda5cc: Download complete
ce5b2405551e: Verifying Checksum
ce5b2405551e: Download complete
83cb35262db8: Verifying Checksum
83cb35262db8: Download complete
ebc2f29d19c4: Verifying Checksum
ebc2f29d19c4: Download complete
c789428dd4ff: Verifying Checksum
c789428dd4ff: Download complete
c462bf29bd8f: Verifying Checksum
c462bf29bd8f: Download complete
d94fdd50347d: Verifying Checksum
d94fdd50347d: Download complete
83cb35262db8: Pull complete
851269d64d48: Pull complete
d96cbfb8b58e: Pull complete
e3de6bcee1ec: Pull complete
29c0cb971c4d: Pull complete
82f951c0e3c6: Pull complete
ce5b2405551e: Pull complete
6faf7edda5cc: Pull complete
edfae8ce0383: Verifying Checksum
edfae8ce0383: Download complete
ce8b821daf9d: Verifying Checksum
ce8b821daf9d: Download complete
feb6d07554d7: Download complete
9e6d905442b4: Download complete
02cb441c95e5: Download complete
daaaf8a0dc59: Verifying Checksum
daaaf8a0dc59: Download complete
ba614c55f14d: Download complete
5e4fc4601291: Verifying Checksum
5e4fc4601291: Download complete
495954a9e28b: Download complete
495954a9e28b: Pull complete
ebc2f29d19c4: Pull complete
c789428dd4ff: Pull complete
c462bf29bd8f: Pull complete
d94fdd50347d: Pull complete
ce8b821daf9d: Pull complete
edfae8ce0383: Pull complete
feb6d07554d7: Pull complete
9e6d905442b4: Pull complete
02cb441c95e5: Pull complete
daaaf8a0dc59: Pull complete
ba614c55f14d: Pull complete
5e4fc4601291: Pull complete
059e88ed4448: Verifying Checksum
059e88ed4448: Download complete
059e88ed4448: Pull complete
Digest: sha256:3a27ba5f7f98ff7763a0a4d6715ec36e564f9622eea8f492c46f90716ea2525f
Status: Downloaded newer image for ghcr.io/coollabsio/coolify:4.1.2
ghcr.io/coollabsio/coolify:4.1.2
[2026-07-02 23:25:34] Successfully pulled ghcr.io/coollabsio/coolify:4.1.2
[2026-07-02 23:25:34] Pulling image: ghcr.io/coollabsio/coolify-realtime:1.0.16
1.0.16: Pulling from coollabsio/coolify-realtime
7264a8db6415: Pulling fs layer
eee371b9ce3f: Pulling fs layer
93b3025fe103: Pulling fs layer
d9059661ce70: Pulling fs layer
14c4294de931: Pulling fs layer
8c5d9a142622: Pulling fs layer
4f4fb700ef54: Pulling fs layer
1f4460942861: Pulling fs layer
ef144cfcb568: Pulling fs layer
987514eef659: Pulling fs layer
6f98404da49c: Pulling fs layer
92f5acab4ed3: Pulling fs layer
562cb0be6243: Pulling fs layer
2caa2b98563f: Pulling fs layer
05ed17ac07c3: Pulling fs layer
6e353f69381c: Pulling fs layer
14c4294de931: Waiting
8c5d9a142622: Waiting
4f4fb700ef54: Waiting
1f4460942861: Waiting
ef144cfcb568: Waiting
987514eef659: Waiting
6f98404da49c: Waiting
92f5acab4ed3: Waiting
562cb0be6243: Waiting
2caa2b98563f: Waiting
05ed17ac07c3: Waiting
6e353f69381c: Waiting
d9059661ce70: Waiting
93b3025fe103: Download complete
7264a8db6415: Verifying Checksum
7264a8db6415: Download complete
d9059661ce70: Verifying Checksum
d9059661ce70: Download complete
7264a8db6415: Pull complete
14c4294de931: Verifying Checksum
14c4294de931: Download complete
4f4fb700ef54: Verifying Checksum
4f4fb700ef54: Download complete
1f4460942861: Verifying Checksum
1f4460942861: Download complete
eee371b9ce3f: Verifying Checksum
eee371b9ce3f: Download complete
eee371b9ce3f: Pull complete
93b3025fe103: Pull complete
d9059661ce70: Pull complete
14c4294de931: Pull complete
987514eef659: Verifying Checksum
987514eef659: Download complete
8c5d9a142622: Verifying Checksum
8c5d9a142622: Download complete
92f5acab4ed3: Download complete
562cb0be6243: Verifying Checksum
562cb0be6243: Download complete
8c5d9a142622: Pull complete
4f4fb700ef54: Pull complete
1f4460942861: Pull complete
2caa2b98563f: Verifying Checksum
2caa2b98563f: Download complete
05ed17ac07c3: Verifying Checksum
05ed17ac07c3: Download complete
6e353f69381c: Verifying Checksum
6e353f69381c: Download complete
6f98404da49c: Verifying Checksum
6f98404da49c: Download complete
ef144cfcb568: Verifying Checksum
ef144cfcb568: Download complete
ef144cfcb568: Pull complete
987514eef659: Pull complete
6f98404da49c: Pull complete
92f5acab4ed3: Pull complete
562cb0be6243: Pull complete
2caa2b98563f: Pull complete
05ed17ac07c3: Pull complete
6e353f69381c: Pull complete
Digest: sha256:733aa0090e8b7c0da719657dbc258003d03e50539baec543ac0f395e539fcbb7
Status: Downloaded newer image for ghcr.io/coollabsio/coolify-realtime:1.0.16
ghcr.io/coollabsio/coolify-realtime:1.0.16
[2026-07-02 23:30:05] Successfully pulled ghcr.io/coollabsio/coolify-realtime:1.0.16
[2026-07-02 23:30:05] Pulling image: postgres:15-alpine
15-alpine: Pulling from library/postgres
55afa1ecc21d: Already exists
7bc76471c3c7: Pulling fs layer
9a5bf1ac6163: Pulling fs layer
853349fea82d: Pulling fs layer
3d5e85922300: Pulling fs layer
4608fab9e712: Pulling fs layer
22e56b5bebbf: Pulling fs layer
50e97e707df1: Pulling fs layer
c6efd2a4e3d4: Pulling fs layer
f2e385447d2c: Pulling fs layer
e3a354ba7f6e: Pulling fs layer
3d5e85922300: Waiting
4608fab9e712: Waiting
22e56b5bebbf: Waiting
50e97e707df1: Waiting
c6efd2a4e3d4: Waiting
f2e385447d2c: Waiting
e3a354ba7f6e: Waiting
853349fea82d: Verifying Checksum
853349fea82d: Download complete
7bc76471c3c7: Verifying Checksum
7bc76471c3c7: Download complete
7bc76471c3c7: Pull complete
3d5e85922300: Download complete
22e56b5bebbf: Download complete
9a5bf1ac6163: Verifying Checksum
9a5bf1ac6163: Download complete
9a5bf1ac6163: Pull complete
853349fea82d: Pull complete
3d5e85922300: Pull complete
50e97e707df1: Verifying Checksum
50e97e707df1: Download complete
c6efd2a4e3d4: Verifying Checksum
c6efd2a4e3d4: Download complete
f2e385447d2c: Verifying Checksum
f2e385447d2c: Download complete
e3a354ba7f6e: Download complete
4608fab9e712: Verifying Checksum
4608fab9e712: Download complete
4608fab9e712: Pull complete
22e56b5bebbf: Pull complete
50e97e707df1: Pull complete
c6efd2a4e3d4: Pull complete
f2e385447d2c: Pull complete
e3a354ba7f6e: Pull complete
Digest: sha256:cd17e2ac98240fce1541ad2a803b34009b4eea5aec8a832363cdc7eca62e722e
Status: Downloaded newer image for postgres:15-alpine
docker.io/library/postgres:15-alpine
[2026-07-02 23:32:08] Successfully pulled postgres:15-alpine
[2026-07-02 23:32:08] Pulling image: redis:7-alpine
7-alpine: Pulling from library/redis
Digest: sha256:6ab0b6e7381779332f97b8ca76193e45b0756f38d4c0dcda72dbb3c32061ab99
Status: Image is up to date for redis:7-alpine
docker.io/library/redis:7-alpine
[2026-07-02 23:32:10] Successfully pulled redis:7-alpine
[2026-07-02 23:32:10] All images pulled successfully

============================================================
[2026-07-02 23:32:10] Step 4/6: Stopping and restarting containers
============================================================
[2026-07-02 23:32:10] Starting container restart sequence (detached)...
[2026-07-02 23:32:10] Container coolify not found (skipping)
[2026-07-02 23:32:10] Container coolify-db not found (skipping)
[2026-07-02 23:32:10] Container coolify-redis not found (skipping)
[2026-07-02 23:32:10] Container coolify-realtime not found (skipping)
[2026-07-02 23:32:10] Container cleanup complete

============================================================
[2026-07-02 23:32:10] Step 5/6: Starting new containers
============================================================
[2026-07-02 23:32:10] Running docker compose up...
 Volume "coolify-db"  Creating
 Volume "coolify-db"  Created
 Volume "coolify-redis"  Creating
 Volume "coolify-redis"  Created
 Container coolify-realtime  Creating
 Container coolify-db  Creating
 Container coolify-redis  Creating
 Container coolify-realtime  Created
 Container coolify-redis  Created
 Container coolify-db  Created
 Container coolify  Creating
 Container coolify  Created
 Container coolify-realtime  Starting
 Container coolify-db  Starting
 Container coolify-redis  Starting
 Container coolify-db  Started
 Container coolify-redis  Started
 Container coolify-realtime  Started
 Container coolify-redis  Waiting
 Container coolify-realtime  Waiting
 Container coolify-db  Waiting
[2026-07-02 23:32:12] Container restart sequence started in background (PID: 367841)
 Container coolify-db  Healthy
 Container coolify-redis  Healthy
 Container coolify-realtime  Healthy
 Container coolify  Starting
 Container coolify  Started
 Container coolify-db  Waiting
 Container coolify-redis  Waiting
 Container coolify-realtime  Waiting
 Container coolify  Waiting
 Container coolify-realtime  Healthy
 Container coolify-redis  Healthy
 Container coolify-db  Healthy
 Container coolify  Healthy
[2026-07-02 23:32:21] Docker compose up completed

============================================================
[2026-07-02 23:32:21] Step 6/6: Upgrade complete
============================================================
[2026-07-02 23:32:21] Coolify upgrade completed successfully
[2026-07-02 23:32:21] Version: 4.1.2

============================================================
Upgrade completed: 2026-07-02 23:32:21
============================================================
[2026-07-02 23:32:31] Status file cleaned up
